
Microsoft (R) Program Maintenance Utility   Version 6.00.8168.0
Copyright (C) Microsoft Corp 1988-1998. All rights reserved.

Serious error: C3397E: Cannot obtain license for compiler with license version >= 1.2: Cannot find license file
 The license files (or server network addresses) attempted are 
 listed below.  Use LM_LICENSE_FILE to use a different license file,
 or contact your software provider for a license file.
Feature:       compiler
Filename:      c:\arm\licenses\license.dat
License path:  c:\arm\licenses\license.dat
FLEXlm error:  -1,359.  System Error: 2 "No such file or directory"
For further information, refer to the FLEXlm End User Manual,
available at "www.globetrotter.com".

NMAKE : fatal error U1077: 'tcc' : return code '0x1'
Stop.

Microsoft (R) Program Maintenance Utility   Version 6.00.8168.0
Copyright (C) Microsoft Corp 1988-1998. All rights reserved.

Serious error: C3397E: Cannot obtain license for compiler with license version >= 1.2: Cannot find license file
 The license files (or server network addresses) attempted are 
 listed below.  Use LM_LICENSE_FILE to use a different license file,
 or contact your software provider for a license file.
Feature:       compiler
Filename:      c:\arm\licenses\license.dat
License path:  c:\arm\licenses\license.dat
FLEXlm error:  -1,359.  System Error: 2 "No such file or directory"
For further information, refer to the FLEXlm End User Manual,
available at "www.globetrotter.com".

NMAKE : fatal error U1077: 'tcc' : return code '0x1'
Stop.

Microsoft (R) Program Maintenance Utility   Version 6.00.8168.0
Copyright (C) Microsoft Corp 1988-1998. All rights reserved.

Serious error: C3397E: Cannot obtain license for compiler with license version >= 1.2: Cannot find license file
 The license files (or server network addresses) attempted are 
 listed below.  Use LM_LICENSE_FILE to use a different license file,
 or contact your software provider for a license file.
Feature:       compiler
Filename:      c:\arm\licenses\license.dat
License path:  c:\arm\licenses\license.dat
FLEXlm error:  -1,359.  System Error: 2 "No such file or directory"
For further information, refer to the FLEXlm End User Manual,
available at "www.globetrotter.com".

NMAKE : fatal error U1077: 'tcc' : return code '0x1'
Stop.

Microsoft (R) Program Maintenance Utility   Version 6.00.8168.0
Copyright (C) Microsoft Corp 1988-1998. All rights reserved.

Serious error: C3397E: Cannot obtain license for compiler with license version >= 1.2: Cannot find license file
 The license files (or server network addresses) attempted are 
 listed below.  Use LM_LICENSE_FILE to use a different license file,
 or contact your software provider for a license file.
Feature:       compiler
Filename:      c:\arm\licenses\license.dat
License path:  c:\arm\licenses\license.dat
FLEXlm error:  -1,359.  System Error: 2 "No such file or directory"
For further information, refer to the FLEXlm End User Manual,
available at "www.globetrotter.com".

NMAKE : fatal error U1077: 'tcc' : return code '0x1'
Stop.

Microsoft (R) Program Maintenance Utility   Version 6.00.8168.0
Copyright (C) Microsoft Corp 1988-1998. All rights reserved.

Serious error: C3397E: Cannot obtain license for compiler with license version >= 1.2: Cannot find license file
 The license files (or server network addresses) attempted are 
 listed below.  Use LM_LICENSE_FILE to use a different license file,
 or contact your software provider for a license file.
Feature:       compiler
Filename:      c:\arm\licenses\license.dat
License path:  c:\arm\licenses\license.dat
FLEXlm error:  -1,359.  System Error: 2 "No such file or directory"
For further information, refer to the FLEXlm End User Manual,
available at "www.globetrotter.com".

NMAKE : fatal error U1077: 'tcc' : return code '0x1'
Stop.

Microsoft (R) Program Maintenance Utility   Version 6.00.8168.0
Copyright (C) Microsoft Corp 1988-1998. All rights reserved.

Serious error: C3397E: Cannot obtain license for compiler with license version >= 1.2: Cannot find license file
 The license files (or server network addresses) attempted are 
 listed below.  Use LM_LICENSE_FILE to use a different license file,
 or contact your software provider for a license file.
Feature:       compiler
Filename:      c:\arm\licenses\license.dat
License path:  c:\arm\licenses\license.dat
FLEXlm error:  -1,359.  System Error: 2 "No such file or directory"
For further information, refer to the FLEXlm End User Manual,
available at "www.globetrotter.com".

NMAKE : fatal error U1077: 'tcc' : return code '0x1'
Stop.

Microsoft (R) Program Maintenance Utility   Version 6.00.8168.0
Copyright (C) Microsoft Corp 1988-1998. All rights reserved.

Serious error: C3397E: Cannot obtain license for compiler with license version >= 1.2: Cannot find license file
 The license files (or server network addresses) attempted are 
 listed below.  Use LM_LICENSE_FILE to use a different license file,
 or contact your software provider for a license file.
Feature:       compiler
Filename:      c:\arm\licenses\license.dat
License path:  c:\arm\licenses\license.dat
FLEXlm error:  -1,359.  System Error: 2 "No such file or directory"
For further information, refer to the FLEXlm End User Manual,
available at "www.globetrotter.com".

NMAKE : fatal error U1077: 'tcc' : return code '0x1'
Stop.

Microsoft (R) Program Maintenance Utility   Version 6.00.8168.0
Copyright (C) Microsoft Corp 1988-1998. All rights reserved.

Serious error: C3397E: Cannot obtain license for compiler with license version >= 1.2: Cannot find license file
 The license files (or server network addresses) attempted are 
 listed below.  Use LM_LICENSE_FILE to use a different license file,
 or contact your software provider for a license file.
Feature:       compiler
Filename:      c:\arm\licenses\license.dat
License path:  c:\arm\licenses\license.dat
FLEXlm error:  -1,359.  System Error: 2 "No such file or directory"
For further information, refer to the FLEXlm End User Manual,
available at "www.globetrotter.com".

NMAKE : fatal error U1077: 'tcc' : return code '0x1'
Stop.

Microsoft (R) Program Maintenance Utility   Version 6.00.8168.0
Copyright (C) Microsoft Corp 1988-1998. All rights reserved.

Serious error: C3397E: Cannot obtain license for compiler with license version >= 1.2: Cannot find license file
 The license files (or server network addresses) attempted are 
 listed below.  Use LM_LICENSE_FILE to use a different license file,
 or contact your software provider for a license file.
Feature:       compiler
Filename:      c:\arm\licenses\license.dat
License path:  c:\arm\licenses\license.dat
FLEXlm error:  -1,359.  System Error: 2 "No such file or directory"
For further information, refer to the FLEXlm End User Manual,
available at "www.globetrotter.com".

NMAKE : fatal error U1077: 'tcc' : return code '0x1'
Stop.

Microsoft (R) Program Maintenance Utility   Version 6.00.8168.0
Copyright (C) Microsoft Corp 1988-1998. All rights reserved.

Serious error: C3397E: Cannot obtain license for compiler with license version >= 1.2: Cannot find license file
 The license files (or server network addresses) attempted are 
 listed below.  Use LM_LICENSE_FILE to use a different license file,
 or contact your software provider for a license file.
Feature:       compiler
Filename:      c:\arm\licenses\license.dat
License path:  c:\arm\licenses\license.dat
FLEXlm error:  -1,359.  System Error: 2 "No such file or directory"
For further information, refer to the FLEXlm End User Manual,
available at "www.globetrotter.com".

NMAKE : fatal error U1077: 'tcc' : return code '0x1'
Stop.

Microsoft (R) Program Maintenance Utility   Version 6.00.8168.0
Copyright (C) Microsoft Corp 1988-1998. All rights reserved.

Serious error: C3397E: Cannot obtain license for compiler with license version >= 1.2: Cannot find license file
 The license files (or server network addresses) attempted are 
 listed below.  Use LM_LICENSE_FILE to use a different license file,
 or contact your software provider for a license file.
Feature:       compiler
Filename:      c:\arm\licenses\license.dat
License path:  c:\arm\licenses\license.dat
FLEXlm error:  -1,359.  System Error: 2 "No such file or directory"
For further information, refer to the FLEXlm End User Manual,
available at "www.globetrotter.com".

NMAKE : fatal error U1077: 'tcc' : return code '0x1'
Stop.

Microsoft (R) Program Maintenance Utility   Version 6.00.8168.0
Copyright (C) Microsoft Corp 1988-1998. All rights reserved.

Serious error: C3397E: Cannot obtain license for compiler with license version >= 1.2: Cannot find license file
 The license files (or server network addresses) attempted are 
 listed below.  Use LM_LICENSE_FILE to use a different license file,
 or contact your software provider for a license file.
Feature:       compiler
Filename:      c:\arm\licenses\license.dat
License path:  c:\arm\licenses\license.dat
FLEXlm error:  -1,359.  System Error: 2 "No such file or directory"
For further information, refer to the FLEXlm End User Manual,
available at "www.globetrotter.com".

NMAKE : fatal error U1077: 'tcc' : return code '0x1'
Stop.

Microsoft (R) Program Maintenance Utility   Version 6.00.8168.0
Copyright (C) Microsoft Corp 1988-1998. All rights reserved.

Serious error: C3397E: Cannot obtain license for compiler with license version >= 1.2: Cannot find license file
 The license files (or server network addresses) attempted are 
 listed below.  Use LM_LICENSE_FILE to use a different license file,
 or contact your software provider for a license file.
Feature:       compiler
Filename:      c:\arm\licenses\license.dat
License path:  c:\arm\licenses\license.dat
FLEXlm error:  -1,359.  System Error: 2 "No such file or directory"
For further information, refer to the FLEXlm End User Manual,
available at "www.globetrotter.com".

NMAKE : fatal error U1077: 'tcc' : return code '0x1'
Stop.

Microsoft (R) Program Maintenance Utility   Version 6.00.8168.0
Copyright (C) Microsoft Corp 1988-1998. All rights reserved.

Serious error: C3397E: Cannot obtain license for compiler with license version >= 1.2: Cannot find license file
 The license files (or server network addresses) attempted are 
 listed below.  Use LM_LICENSE_FILE to use a different license file,
 or contact your software provider for a license file.
Feature:       compiler
Filename:      c:\arm\licenses\license.dat
License path:  c:\arm\licenses\license.dat
FLEXlm error:  -1,359.  System Error: 2 "No such file or directory"
For further information, refer to the FLEXlm End User Manual,
available at "www.globetrotter.com".

NMAKE : fatal error U1077: 'tcc' : return code '0x1'
Stop.

Microsoft (R) Program Maintenance Utility   Version 6.00.8168.0
Copyright (C) Microsoft Corp 1988-1998. All rights reserved.

Serious error: C3397E: Cannot obtain license for compiler with license version >= 1.2: Cannot find license file
 The license files (or server network addresses) attempted are 
 listed below.  Use LM_LICENSE_FILE to use a different license file,
 or contact your software provider for a license file.
Feature:       compiler
Filename:      c:\arm\licenses\license.dat
License path:  c:\arm\licenses\license.dat
FLEXlm error:  -1,359.  System Error: 2 "No such file or directory"
For further information, refer to the FLEXlm End User Manual,
available at "www.globetrotter.com".

NMAKE : fatal error U1077: 'tcc' : return code '0x1'
Stop.
